\BOOKMARK [1][-]{section.1}{\376\377\004\033\004\070\004\107\004\075\004\113\004\065\000\040\004\076\004\102\004\107\004\065\004\102\004\113}{}% 1
\BOOKMARK [1][-]{section.2}{\376\377\004\026\004\103\004\100\004\075\004\060\004\073\000\040\004\077\004\076\000\040\004\072\004\076\004\074\004\060\004\075\004\064\004\075\004\113\004\074\000\040\004\072\004\076\004\075\004\102\004\065\004\101\004\102\004\060\004\074}{}% 2
\BOOKMARK [2][-]{subsection.2.1}{\376\377\000O\000p\000e\000n\000C\000u\000p\000\040\000G\000r\000a\000n\000d\000P\000r\000i\000x\000\040\000o\000f\000\040\000U\000k\000r\000a\000i\000n\000e}{section.2}% 3
\BOOKMARK [2][-]{subsection.2.2}{\376\377\000O\000p\000e\000n\000C\000u\000p\000\040\000G\000r\000a\000n\000d\000P\000r\000i\000x\000\040\000o\000f\000\040\000J\000a\000p\000a\000n}{section.2}% 4
\BOOKMARK [2][-]{subsection.2.3}{\376\377\000O\000p\000e\000n\000C\000u\000p\000\040\000G\000r\000a\000n\000d\000P\000r\000i\000x\000\040\000o\000f\000\040\000E\000u\000r\000a\000s\000i\000a\000\051}{section.2}% 5
\BOOKMARK [2][-]{subsection.2.4}{\376\377\000O\000p\000e\000n\000C\000u\000p\000\040\000G\000r\000a\000n\000d\000P\000r\000i\000x\000\040\000o\000f\000\040\000S\000P\000b}{section.2}% 6
\BOOKMARK [2][-]{subsection.2.5}{\376\377\000A\000C\000M\000-\000I\000C\000P\000C\000\040\004\034\004\076\004\101\004\072\004\076\004\062\004\101\004\072\004\070\004\071\000\040\004\107\004\065\004\102\004\062\004\065\004\100\004\102\004\114\004\104\004\070\004\075\004\060\004\073}{section.2}% 7
\BOOKMARK [2][-]{subsection.2.6}{\376\377\000O\000p\000e\000n\000C\000u\000p\000\040\000G\000r\000a\000n\000d\000P\000r\000i\000x\000\040\000o\000f\000\040\000Y\000e\000k\000a\000t\000e\000r\000i\000n\000b\000u\000r\000g}{section.2}% 8
\BOOKMARK [2][-]{subsection.2.7}{\376\377\000O\000p\000e\000n\000C\000u\000p\000\040\000G\000r\000a\000n\000d\000P\000r\000i\000x\000\040\000o\000f\000\040\000S\000i\000b\000e\000r\000i\000a}{section.2}% 9
\BOOKMARK [2][-]{subsection.2.8}{\376\377\000O\000p\000e\000n\000C\000u\000p\000\040\000G\000r\000a\000n\000d\000P\000r\000i\000x\000\040\000o\000f\000\040\000E\000u\000r\000o\000p\000e}{section.2}% 10
\BOOKMARK [2][-]{subsection.2.9}{\376\377\000O\000p\000e\000n\000C\000u\000p\000\040\000G\000r\000a\000n\000d\000P\000r\000i\000x\000\040\000o\000f\000\040\000P\000e\000t\000e\000r\000h\000o\000f}{section.2}% 11
\BOOKMARK [2][-]{subsection.2.10}{\376\377\000O\000p\000e\000n\000C\000u\000p\000\040\000G\000r\000a\000n\000d\000\040\000P\000r\000i\000x\000\040\000o\000f\000\040\000A\000s\000i\000a}{section.2}% 12
\BOOKMARK [2][-]{subsection.2.11}{\376\377\000O\000p\000e\000n\000C\000u\000p\000\040\000G\000r\000a\000n\000d\000P\000r\000i\000x\000\040\000o\000f\000\040\000S\000a\000r\000a\000t\000o\000v}{section.2}% 13
\BOOKMARK [2][-]{subsection.2.12}{\376\377\000O\000p\000e\000n\000C\000u\000p\000\040\000G\000r\000a\000n\000d\000P\000r\000i\000x\000\040\000o\000f\000\040\000C\000h\000i\000n\000a}{section.2}% 14
\BOOKMARK [2][-]{subsection.2.13}{\376\377\000O\000p\000e\000n\000C\000u\000p\000\040\000G\000r\000a\000n\000d\000P\000r\000i\000x\000\040\000o\000f\000\040\000B\000a\000s\000h\000k\000o\000r\000t\000o\000s\000t\000a\000n}{section.2}% 15
\BOOKMARK [2][-]{subsection.2.14}{\376\377\000O\000p\000e\000n\000C\000u\000p\000\040\000G\000r\000a\000n\000d\000P\000r\000i\000x\000\040\000o\000f\000\040\000T\000a\000t\000a\000r\000s\000t\000a\000n}{section.2}% 16
\BOOKMARK [2][-]{subsection.2.15}{\376\377\000O\000p\000e\000n\000C\000u\000p\000\040\000G\000r\000a\000n\000d\000P\000r\000i\000x\000\040\000o\000f\000\040\000B\000a\000l\000t\000i\000c\000s}{section.2}% 17
\BOOKMARK [2][-]{subsection.2.16}{\376\377\000O\000p\000e\000n\000C\000u\000p\000\040\000G\000r\000a\000n\000d\000P\000r\000i\000x\000\040\000o\000f\000\040\000M\000o\000s\000c\000o\000w}{section.2}% 18
\BOOKMARK [2][-]{subsection.2.17}{\376\377\000V\000e\000k\000u\000a\000\040\000C\000u\000p\000\040\0002\0000\0001\0006}{section.2}% 19
\BOOKMARK [1][-]{section.3}{\376\377\004\026\004\103\004\100\004\075\004\060\004\073\000\040\004\077\004\076\000\040\004\073\004\070\004\107\004\075\004\113\004\074\000\040\004\072\004\076\004\075\004\102\004\065\004\101\004\102\004\060\004\074\000\040\004\034\004\060\004\072\004\060\004\100\004\076\004\062\004\060\000\040\004\035\000.\004\020\000.}{}% 20
\BOOKMARK [2][-]{subsection.3.1}{\376\377\000C\000o\000d\000e\000f\000o\000r\000c\000e\000s\000\040\000R\000o\000u\000n\000d\000\040\0003\0002\0000\000\040\000D\000i\000v\000\040\0002}{section.3}% 21
\BOOKMARK [2][-]{subsection.3.2}{\376\377\000C\000o\000d\000e\000f\000o\000r\000c\000e\000s\000\040\000R\000o\000u\000n\000d\000\040\0003\0002\0003\000\040\000D\000i\000v\000\040\0002}{section.3}% 22
\BOOKMARK [2][-]{subsection.3.3}{\376\377\000C\000o\000d\000e\000f\000o\000r\000c\000e\000s\000\040\000R\000o\000u\000n\000d\000\040\0003\0002\0004\000\040\000D\000i\000v\000\040\0002}{section.3}% 23
\BOOKMARK [2][-]{subsection.3.4}{\376\377\000C\000o\000d\000e\000f\000o\000r\000c\000e\000s\000\040\000B\000e\000t\000a\000\040\000R\000o\000u\000n\000d\000\040\0004\0000\000\040\000D\000i\000v\000\040\0002}{section.3}% 24
\BOOKMARK [2][-]{subsection.3.5}{\376\377\000C\000o\000d\000e\000f\000o\000r\000c\000e\000s\000\040\000R\000o\000u\000n\000d\000\040\0002\0005\0008\000\040\000D\000i\000v\000\040\0002}{section.3}% 25
\BOOKMARK [2][-]{subsection.3.6}{\376\377\000C\000o\000d\000e\000f\000o\000r\000c\000e\000s\000\040\000R\000o\000u\000n\000d\000\040\0001\0009\0006\000\040\000D\000i\000v\000\040\0002}{section.3}% 26
\BOOKMARK [2][-]{subsection.3.7}{\376\377\000C\000o\000d\000e\000f\000o\000r\000c\000e\000s\000\040\000R\000o\000u\000n\000d\000\040\0003\0000\0004\000\040\000D\000i\000v\000\040\0002}{section.3}% 27
\BOOKMARK [2][-]{subsection.3.8}{\376\377\000C\000o\000d\000e\000f\000o\000r\000c\000e\000s\000\040\000R\000o\000u\000n\000d\000\040\0002\0007\0007\000\040\000D\000i\000v\000\040\0002}{section.3}% 28
\BOOKMARK [2][-]{subsection.3.9}{\376\377\000C\000o\000d\000e\000f\000o\000r\000c\000e\000s\000\040\000R\000o\000u\000n\000d\000\040\0001\0000\0003\000\040\000D\000i\000v\000\040\0002}{section.3}% 29
\BOOKMARK [2][-]{subsection.3.10}{\376\377\000V\000K\000\040\000C\000u\000p\000\040\0002\0000\0001\0006\000\040\000-\000\040\004\032\004\062\004\060\004\073\004\070\004\104\004\070\004\072\004\060\004\106\004\070\004\117\000\040\0002}{section.3}% 30
\BOOKMARK [2][-]{subsection.3.11}{\376\377\000V\000K\000\040\000C\000u\000p\000\040\0002\0000\0001\0006\000\040\000-\000\040\004\032\004\062\004\060\004\073\004\070\004\104\004\070\004\072\004\060\004\106\004\070\004\117\000\040\0001}{section.3}% 31
\BOOKMARK [2][-]{subsection.3.12}{\376\377\000V\000K\000\040\000C\000u\000p\000\040\0002\0000\0001\0006\000\040\000-\000\040\004\040\004\060\004\103\004\075\004\064\000\040\0001}{section.3}% 32
\BOOKMARK [2][-]{subsection.3.13}{\376\377\000V\000K\000\040\000C\000u\000p\000\040\0002\0000\0001\0006\000\040\000-\000\040\004\043\004\060\004\071\004\073\004\064\000-\004\072\004\060\004\100\004\064\000\040\004\100\004\060\004\103\004\075\004\064\000\040\0001}{section.3}% 33
\BOOKMARK [2][-]{subsection.3.14}{\376\377\000V\000e\000k\000u\000a\000\040\000C\000u\000p\000\040\0002\0000\0001\0006\000\040\004\033\004\070\004\107\004\075\004\113\004\071\000\040\004\115\004\102\004\060\004\077}{section.3}% 34
\BOOKMARK [1][-]{section.4}{\376\377\004\026\004\103\004\100\004\075\004\060\004\073\000\040\004\077\004\076\000\040\004\073\004\070\004\107\004\075\004\113\004\074\000\040\004\072\004\076\004\075\004\102\004\065\004\101\004\102\004\060\004\074\000\040\004\057\004\072\004\070\004\074\004\065\004\075\004\072\004\076\000\040\004\020\000.\004\022\000.}{}% 35
\BOOKMARK [2][-]{subsection.4.1}{\376\377\000V\000e\000k\000u\000a\000\040\000C\000u\000p\000\040\0002\0000\0001\0006\000\040\004\033\004\070\004\107\004\075\004\113\004\071\000\040\004\115\004\102\004\060\004\077}{section.4}% 36
