\BOOKMARK [1][-]{section.1}{\376\377\004\033\004\070\004\107\004\075\004\113\004\065\000\040\004\076\004\102\004\107\004\065\004\102\004\113}{}% 1
\BOOKMARK [1][-]{section.2}{\376\377\004\026\004\103\004\100\004\075\004\060\004\073\000\040\004\077\004\076\000\040\004\072\004\076\004\074\004\060\004\075\004\064\004\075\004\113\004\074\000\040\004\072\004\076\004\075\004\102\004\065\004\101\004\102\004\060\004\074}{}% 2
\BOOKMARK [2][-]{subsection.2.1}{\376\377\000O\000p\000e\000n\000C\000u\000p\000\040\000G\000r\000a\000n\000d\000P\000r\000i\000x\000\040\000o\000f\000\040\000U\000k\000r\000a\000i\000n\000e\000\040\000\050\0004\000\040\000s\000o\000l\000v\000e\000d\000\051\000\040\000+\000\040\000\050\004\060\004\073\004\063\004\076\004\100\004\070\004\102\004\074\000\040\004\062\000\040\000F\000\051}{section.2}% 3
\BOOKMARK [2][-]{subsection.2.2}{\376\377\000O\000p\000e\000n\000C\000u\000p\000\040\000G\000r\000a\000n\000d\000P\000r\000i\000x\000\040\000o\000f\000\040\000J\000a\000p\000a\000n\000\040\000\050\0005\000\040\000s\000o\000l\000v\000e\000d\000\051\000\040\000+\000\040\000D\000O\000N\000E}{section.2}% 4
\BOOKMARK [2][-]{subsection.2.3}{\376\377\000O\000p\000e\000n\000C\000u\000p\000\040\000G\000r\000a\000n\000d\000P\000r\000i\000x\000\040\000o\000f\000\040\000E\000u\000r\000a\000s\000i\000a\000\040\000\050\0004\000\040\000s\000o\000l\000v\000e\000d\000\051\000\040\000+\000\040\000\050\004\060\004\073\004\063\004\076\004\100\004\070\004\102\004\074\000\040\004\062\000\040\0009\000,\000\040\0001\0002\000\051}{section.2}% 5
\BOOKMARK [2][-]{subsection.2.4}{\376\377\000C\000o\000d\000e\000f\000o\000r\000c\000e\000s\000\040\000T\000r\000a\000i\000n\000i\000n\000g\000\040\000S\0000\0002\000E\0000\0005}{section.2}% 6
\BOOKMARK [2][-]{subsection.2.5}{\376\377\000C\000o\000d\000e\000f\000o\000r\000c\000e\000s\000\040\000T\000r\000a\000i\000n\000i\000n\000g\000\040\000S\0000\0002\000E\0000\0006}{section.2}% 7
\BOOKMARK [2][-]{subsection.2.6}{\376\377\004\042\004\100\004\065\004\075\004\070\004\100\004\076\004\062\004\072\004\060\000\040\004\041\004\037\004\061\004\023\004\043\000\040\004\037\004\076\004\070\004\101\004\072\000\040\004\072\004\100\004\060\004\102\004\107\004\060\004\071\004\110\004\065\004\063\004\076\000\040\004\077\004\103\004\102\004\070\000\040\004\070\000\040\000D\000F\000S}{section.2}% 8
\BOOKMARK [2][-]{subsection.2.7}{\376\377\000O\000p\000e\000n\000C\000u\000p\000\040\000G\000r\000a\000n\000d\000P\000r\000i\000x\000\040\000o\000f\000\040\000S\000P\000b\000.}{section.2}% 9
\BOOKMARK [2][-]{subsection.2.8}{\376\377\004\041\004\060\004\074\004\060\004\100\004\101\004\072\004\070\004\071\000\040\004\034\004\065\004\066\004\064\004\103\004\075\004\060\004\100\004\076\004\064\004\075\004\113\004\071\000\040\004\020\004\115\004\100\004\076\004\072\004\076\004\101\004\074\004\070\004\107\004\065\004\101\004\072\004\070\004\071\000\040\004\033\004\070\004\106\004\065\004\071\000,\000\040\004\102\004\100\004\065\004\075\004\070\004\100\004\076\004\062\004\072\004\060\000\040\041\026\0001}{section.2}% 10
\BOOKMARK [2][-]{subsection.2.9}{\376\377\000C\000o\000d\000e\000f\000o\000r\000c\000e\000s\000\040\000A\000C\000M\000-\000I\000C\000P\000C\000\040\004\022\004\076\004\101\004\102\004\076\004\107\004\075\004\113\004\071\000\040\004\107\004\065\004\102\004\062\004\065\004\100\004\102\004\114\004\104\004\070\004\075\004\060\004\073}{section.2}% 11
\BOOKMARK [2][-]{subsection.2.10}{\376\377\000C\000o\000d\000e\000f\000o\000r\000c\000e\000s\000\040\000A\000C\000M\000-\000I\000C\000P\000C\000\040\004\056\004\066\004\075\004\113\004\071\000\040\004\107\004\065\004\102\004\062\004\065\004\100\004\102\004\114\004\104\004\070\004\075\004\060\004\073}{section.2}% 12
\BOOKMARK [2][-]{subsection.2.11}{\376\377\000A\000C\000M\000-\000I\000C\000P\000C\000\040\004\034\004\076\004\101\004\072\004\076\004\062\004\101\004\072\004\070\004\071\000\040\004\107\004\065\004\102\004\062\004\065\004\100\004\102\004\114\004\104\004\070\004\075\004\060\004\073}{section.2}% 13
\BOOKMARK [2][-]{subsection.2.12}{\376\377\000C\000o\000d\000e\000f\000o\000r\000c\000e\000s\000\040\000T\000r\000a\000i\000n\000i\000n\000g\000\040\000S\0000\0002\000E\0000\0007}{section.2}% 14
\BOOKMARK [2][-]{subsection.2.13}{\376\377\000C\000o\000d\000e\000f\000o\000r\000c\000e\000s\000\040\000C\000r\000y\000p\000t\000o\000\040\000C\000u\000p\000\040\0001\000.\0000}{section.2}% 15
\BOOKMARK [2][-]{subsection.2.14}{\376\377\000O\000p\000e\000n\000C\000u\000p\000\040\000G\000r\000a\000n\000d\000P\000r\000i\000x\000\040\000o\000f\000\040\000S\000i\000b\000e\000r\000i\000a}{section.2}% 16
\BOOKMARK [2][-]{subsection.2.15}{\376\377\000C\000o\000d\000e\000f\000o\000r\000c\000e\000s\000\040\000T\000r\000a\000i\000n\000i\000n\000g\000\040\000S\0000\0002\000E\0000\0008}{section.2}% 17
\BOOKMARK [2][-]{subsection.2.16}{\376\377\000C\000o\000d\000e\000f\000o\000r\000c\000e\000s\000\040\000T\000r\000a\000i\000n\000i\000n\000g\000\040\000S\0000\0002\000E\0000\0009}{section.2}% 18
\BOOKMARK [2][-]{subsection.2.17}{\376\377\000C\000o\000d\000e\000f\000o\000r\000c\000e\000s\000\040\004\036\004\073\004\070\004\074\004\077\004\070\004\060\004\064\004\060\000\040\004\110\004\072\004\076\004\073\004\114\004\075\004\070\004\072\004\076\004\062\000\040\004\035\004\070\004\066\004\065\004\063\004\076\004\100\004\076\004\064\004\101\004\072\004\076\004\071\000\040\004\076\004\061\004\073\000.}{section.2}% 19
\BOOKMARK [2][-]{subsection.2.18}{\376\377\000O\000p\000e\000n\000C\000u\000p\000\040\000G\000r\000a\000n\000d\000P\000r\000i\000x\000\040\000o\000f\000\040\000C\000e\000n\000t\000r\000a\000l\000\040\000E\000u\000r\000o\000p\000e}{section.2}% 20
\BOOKMARK [2][-]{subsection.2.19}{\376\377\000C\000o\000d\000e\000f\000o\000r\000c\000e\000s\000\040\000T\000r\000a\000i\000n\000i\000n\000g\000\040\000S\0000\0002\000E\0001\0000}{section.2}% 21
\BOOKMARK [2][-]{subsection.2.20}{\376\377\000O\000p\000e\000n\000C\000u\000p\000\040\000G\000r\000a\000n\000d\000P\000r\000i\000x\000\040\000o\000f\000\040\000E\000u\000r\000o\000p\000e}{section.2}% 22
\BOOKMARK [2][-]{subsection.2.21}{\376\377\000O\000p\000e\000n\000C\000u\000p\000\040\000G\000r\000a\000n\000d\000P\000r\000i\000x\000\040\000o\000f\000\040\000P\000e\000t\000e\000r\000h\000o\000f}{section.2}% 23
\BOOKMARK [2][-]{subsection.2.22}{\376\377\000O\000p\000e\000n\000C\000u\000p\000\040\000G\000r\000a\000n\000d\000P\000r\000i\000x\000\040\000o\000f\000\040\000J\000a\000p\000a\000n}{section.2}% 24
\BOOKMARK [2][-]{subsection.2.23}{\376\377\000O\000p\000e\000n\000C\000u\000p\000\040\000N\000o\000r\000t\000h\000e\000r\000n\000\040\000G\000r\000a\000n\000d\000P\000r\000i\000x}{section.2}% 25
\BOOKMARK [2][-]{subsection.2.24}{\376\377\000O\000p\000e\000n\000C\000u\000p\000\040\000G\000r\000a\000n\000d\000P\000r\000i\000x\000\040\000o\000f\000\040\000K\000a\000r\000e\000l\000i\000a}{section.2}% 26
\BOOKMARK [2][-]{subsection.2.25}{\376\377\000O\000p\000e\000n\000C\000u\000p\000\040\000G\000r\000a\000n\000d\000P\000r\000i\000x\000\040\000o\000f\000\040\000U\000d\000m\000u\000r\000t\000i\000a}{section.2}% 27
\BOOKMARK [2][-]{subsection.2.26}{\376\377\000O\000p\000e\000n\000C\000u\000p\000\040\000G\000r\000a\000n\000d\000P\000r\000i\000x\000\040\000o\000f\000\040\000C\000h\000i\000n\000a}{section.2}% 28
\BOOKMARK [2][-]{subsection.2.27}{\376\377\000O\000p\000e\000n\000C\000u\000p\000\040\000G\000r\000a\000n\000d\000P\000r\000i\000x\000\040\000o\000f\000\040\000T\000a\000t\000a\000r\000s\000t\000a\000n}{section.2}% 29
\BOOKMARK [2][-]{subsection.2.28}{\376\377\000O\000p\000e\000n\000C\000u\000p\000\040\000G\000r\000a\000n\000d\000P\000r\000i\000x\000\040\000o\000f\000\040\000A\000m\000e\000r\000i\000c\000a}{section.2}% 30
\BOOKMARK [2][-]{subsection.2.29}{\376\377\000V\000e\000k\000u\000a\000\040\000C\000u\000p\000\040\0002\0000\0001\0005\000\040\004\032\004\076\004\074\004\060\004\075\004\064\004\075\004\113\004\071\000\040\004\115\004\102\004\060\004\077}{section.2}% 31
\BOOKMARK [2][-]{subsection.2.30}{\376\377\000O\000p\000e\000n\000C\000u\000p\000\040\000G\000r\000a\000n\000d\000P\000r\000i\000x\000\040\000o\000f\000\040\000U\000r\000a\000l}{section.2}% 32
\BOOKMARK [1][-]{section.3}{\376\377\004\026\004\103\004\100\004\075\004\060\004\073\000\040\004\077\004\076\000\040\004\073\004\070\004\107\004\075\004\113\004\074\000\040\004\072\004\076\004\075\004\102\004\065\004\101\004\102\004\060\004\074\000\040\004\034\004\060\004\072\004\060\004\100\004\076\004\062\004\060\000\040\004\035\000.\004\020\000.}{}% 33
\BOOKMARK [2][-]{subsection.3.1}{\376\377\000C\000o\000d\000e\000f\000o\000r\000c\000e\000s\000\040\000R\000o\000u\000n\000d\000\040\0002\0006\0007\000\040\000D\000i\000v\000\040\0002}{section.3}% 34
\BOOKMARK [2][-]{subsection.3.2}{\376\377\000C\000o\000d\000e\000f\000o\000r\000c\000e\000s\000\040\000R\000o\000u\000n\000d\000\040\0002\0006\0008\000\040\000D\000i\000v\000\040\0002}{section.3}% 35
\BOOKMARK [2][-]{subsection.3.3}{\376\377\000C\000o\000d\000e\000f\000o\000r\000c\000e\000s\000\040\004\036\004\102\004\061\004\076\004\100\004\076\004\107\004\075\004\113\004\071\000\040\004\072\004\076\004\075\004\102\004\065\004\101\004\102\000\040\004\041\004\023\004\020\004\043\000\040\004\075\004\060\000\040\004\107\004\065\004\102\004\062\004\065\004\100\004\102\004\114\004\104\004\070\004\075\004\060\004\073\000\040\000A\000C\000M\000-\000I\000C\000P\000C}{section.3}% 36
\BOOKMARK [2][-]{subsection.3.4}{\376\377\000C\000o\000d\000e\000f\000o\000r\000c\000e\000s\000\040\000R\000o\000u\000n\000d\000\040\0002\0007\0000\000\040\000D\000i\000v\000\040\0002}{section.3}% 37
\BOOKMARK [2][-]{subsection.3.5}{\376\377\000C\000o\000d\000e\000f\000o\000r\000c\000e\000s\000\040\000R\000o\000u\000n\000d\000\040\0002\0007\0003\000\040\000D\000i\000v\000\040\0002}{section.3}% 38
\BOOKMARK [2][-]{subsection.3.6}{\376\377\000C\000o\000d\000e\000f\000o\000r\000c\000e\000s\000\040\000R\000o\000u\000n\000d\000\040\0002\0007\0004\000\040\000D\000i\000v\000\040\0002}{section.3}% 39
\BOOKMARK [2][-]{subsection.3.7}{\376\377\000C\000o\000d\000e\000f\000o\000r\000c\000e\000s\000\040\000R\000o\000u\000n\000d\000\040\0002\0007\0005\000\040\000D\000i\000v\000\040\0002}{section.3}% 40
\BOOKMARK [2][-]{subsection.3.8}{\376\377\000V\000K\000\040\000C\000u\000p\000\040\0002\0000\0001\0005\000\040\004\032\004\062\004\060\004\073\004\070\004\104\004\070\004\072\004\060\004\106\004\070\004\117}{section.3}% 41
\BOOKMARK [2][-]{subsection.3.9}{\376\377\000\040\000V\000K\000\040\000C\000u\000p\000\040\0002\0000\0001\0005\000\040\000-\000\040\004\043\004\060\004\071\004\073\004\064\000-\004\072\004\060\004\100\004\064\000\040\004\100\004\060\004\103\004\075\004\064\000\040\0001}{section.3}% 42
\BOOKMARK [2][-]{subsection.3.10}{\376\377\000V\000e\000k\000u\000a\000\040\000C\000u\000p\000\040\0002\0000\0001\0005\000\040\004\033\004\070\004\107\004\075\004\113\004\071\000\040\004\115\004\102\004\060\004\077}{section.3}% 43
\BOOKMARK [2][-]{subsection.3.11}{\376\377\000M\000a\000i\000l\000.\000r\000u\000\040\000R\000u\000s\000s\000i\000a\000n\000\040\000C\000o\000d\000e\000\040\000C\000u\000p\000\040\0002\0000\0001\0005\000\040\004\032\004\062\004\060\004\073\004\070\004\104\004\070\004\072\004\060\004\106\004\070\004\117}{section.3}% 44
\BOOKMARK [1][-]{section.4}{\376\377\004\026\004\103\004\100\004\075\004\060\004\073\000\040\004\077\004\076\000\040\004\073\004\070\004\107\004\075\004\113\004\074\000\040\004\072\004\076\004\075\004\102\004\065\004\101\004\102\004\060\004\074\000\040\004\057\004\072\004\070\004\074\004\065\004\075\004\072\004\076\000\040\004\020\000.\004\022\000.}{}% 45
\BOOKMARK [2][-]{subsection.4.1}{\376\377\000C\000o\000d\000e\000f\000o\000r\000c\000e\000s\000\040\000R\000o\000u\000n\000d\000\040\0002\0006\0007\000\040\000D\000i\000v\000\040\0002}{section.4}% 46
\BOOKMARK [2][-]{subsection.4.2}{\376\377\000C\000o\000d\000e\000f\000o\000r\000c\000e\000s\000\040\000R\000o\000u\000n\000d\000\040\0002\0006\0008\000\040\000D\000i\000v\000\040\0002}{section.4}% 47
\BOOKMARK [2][-]{subsection.4.3}{\376\377\000C\000o\000d\000e\000f\000o\000r\000c\000e\000s\000\040\004\036\004\102\004\061\004\076\004\100\004\076\004\107\004\075\004\113\004\071\000\040\004\072\004\076\004\075\004\102\004\065\004\101\004\102\000\040\004\041\004\023\004\020\004\043\000\040\004\075\004\060\000\040\004\107\004\065\004\102\004\062\004\065\004\100\004\102\004\114\004\104\004\070\004\075\004\060\004\073\000\040\000A\000C\000M\000-\000I\000C\000P\000C}{section.4}% 48
\BOOKMARK [2][-]{subsection.4.4}{\376\377\000C\000o\000d\000e\000f\000o\000r\000c\000e\000s\000\040\000R\000o\000u\000n\000d\000\040\0002\0006\0009\000\040\000D\000i\000v\000\040\0002}{section.4}% 49
\BOOKMARK [2][-]{subsection.4.5}{\376\377\000C\000o\000d\000e\000f\000o\000r\000c\000e\000s\000\040\000R\000o\000u\000n\000d\000\040\0002\0007\0000\000\040\000D\000i\000v\000\040\0002}{section.4}% 50
\BOOKMARK [2][-]{subsection.4.6}{\376\377\000C\000o\000d\000e\000f\000o\000r\000c\000e\000s\000\040\000R\000o\000u\000n\000d\000\040\0002\0007\0002\000\040\000D\000i\000v\000\040\0002}{section.4}% 51
\BOOKMARK [2][-]{subsection.4.7}{\376\377\000C\000o\000d\000e\000f\000o\000r\000c\000e\000s\000\040\000R\000o\000u\000n\000d\000\040\0002\0007\0003\000\040\000D\000i\000v\000\040\0002}{section.4}% 52
\BOOKMARK [2][-]{subsection.4.8}{\376\377\000C\000o\000d\000e\000f\000o\000r\000c\000e\000s\000\040\000R\000o\000u\000n\000d\000\040\0002\0007\0004\000\040\000D\000i\000v\000\040\0002}{section.4}% 53
\BOOKMARK [2][-]{subsection.4.9}{\376\377\000C\000o\000d\000e\000f\000o\000r\000c\000e\000s\000\040\000R\000o\000u\000n\000d\000\040\0002\0007\0005\000\040\000D\000i\000v\000\040\0002}{section.4}% 54
\BOOKMARK [2][-]{subsection.4.10}{\376\377\000C\000o\000d\000e\000f\000o\000r\000c\000e\000s\000\040\000R\000o\000u\000n\000d\000\040\0002\0007\0006\000\040\000D\000i\000v\000\040\0002}{section.4}% 55
\BOOKMARK [2][-]{subsection.4.11}{\376\377\000C\000o\000d\000e\000f\000o\000r\000c\000e\000s\000\040\000R\000o\000u\000n\000d\000\040\0002\0007\0007\000\040\000D\000i\000v\000\040\0002}{section.4}% 56
\BOOKMARK [2][-]{subsection.4.12}{\376\377\000C\000o\000d\000e\000f\000o\000r\000c\000e\000s\000\040\000R\000o\000u\000n\000d\000\040\0002\0007\0007\000.\0005\000\040\000D\000i\000v\000\040\0002}{section.4}% 57
\BOOKMARK [2][-]{subsection.4.13}{\376\377\000V\000K\000\040\000C\000u\000p\000\040\0002\0000\0001\0005\000\040\004\032\004\062\004\060\004\073\004\070\004\104\004\070\004\072\004\060\004\106\004\070\004\117\000\040\0002}{section.4}% 58
\BOOKMARK [2][-]{subsection.4.14}{\376\377\000\040\000V\000K\000\040\000C\000u\000p\000\040\0002\0000\0001\0005\000\040\000-\000\040\004\040\004\060\004\103\004\075\004\064\000\040\0001}{section.4}% 59
\BOOKMARK [2][-]{subsection.4.15}{\376\377\000\040\000V\000K\000\040\000C\000u\000p\000\040\0002\0000\0001\0005\000\040\000-\000\040\004\043\004\060\004\071\004\073\004\064\000-\004\072\004\060\004\100\004\064\000\040\004\100\004\060\004\103\004\075\004\064\000\040\0001}{section.4}% 60
\BOOKMARK [2][-]{subsection.4.16}{\376\377\000V\000e\000k\000u\000a\000\040\000C\000u\000p\000\040\0002\0000\0001\0005\000\040\004\033\004\070\004\107\004\075\004\113\004\071\000\040\004\115\004\102\004\060\004\077}{section.4}% 61
